<?xml version="1.0" encoding="UTF-8"?>
<!-- Generated by org.testng.reporters.JUnitXMLReporter -->
<testsuite hostname="DT-GANGWARA" ignored="0" name="Default test" tests="6" failures="0" timestamp="06 Jun 2018 06:42:38 GMT" time="4.516" errors="0">
  <testcase name="f" time="3.671" classname="testcase.LoginwithPropertyFile"/>
  <testcase name="f" time="0.281" classname="testcase.LoginwithPropertyFile"/>
  <testcase name="f" time="0.297" classname="testcase.LoginwithPropertyFile"/>
  <testcase name="f1" time="0.001" classname="testcase.LoginwithPropertyFile"/>
  <testcase name="f2" time="0.0" classname="testcase.LoginwithPropertyFile"/>
  <testcase name="f3" time="0.0" classname="testcase.LoginwithPropertyFile"/>
</testsuite> <!-- Default test -->
