<?xml version="1.0" encoding="UTF-8"?>
<testng-results skipped="0" failed="0" total="1" passed="1">
  <reporter-output>
  </reporter-output>
  <suite name="Suite" duration-ms="26" started-at="2018-06-19T05:39:35Z" finished-at="2018-06-19T05:39:35Z">
    <groups>
    </groups>
    <test name="Test" duration-ms="26" started-at="2018-06-19T05:39:35Z" finished-at="2018-06-19T05:39:35Z">
      <class name="Maven_TestProject.MavenDemo">
        <test-method status="PASS" signature="test()[pri:0, instance:Maven_TestProject.MavenDemo@d2cc05a]" name="test" duration-ms="12" started-at="2018-06-19T11:09:35Z" finished-at="2018-06-19T11:09:35Z">
          <reporter-output>
          </reporter-output>
        </test-method> <!-- test -->
      </class> <!-- Maven_TestProject.MavenDemo -->
    </test> <!-- Test -->
  </suite> <!-- Suite -->
</testng-results>
