<?xml version="1.0" encoding="UTF-8"?>
<testng-results skipped="0" failed="0" ignored="0" total="1" passed="1">
  <reporter-output>
  </reporter-output>
  <suite name="Default suite" duration-ms="323" started-at="2018-06-13T09:26:03Z" finished-at="2018-06-13T09:26:04Z">
    <groups>
    </groups>
    <test name="Default test" duration-ms="323" started-at="2018-06-13T09:26:03Z" finished-at="2018-06-13T09:26:04Z">
      <class name="testcase.DBTest">
        <test-method status="PASS" signature="setup()[pri:0, instance:testcase.DBTest@28d25987]" name="setup" is-config="true" duration-ms="260" started-at="2018-06-13T09:26:03Z" finished-at="2018-06-13T09:26:04Z">
          <reporter-output>
          </reporter-output>
        </test-method> <!-- setup -->
        <test-method status="PASS" signature="test()[pri:0, instance:testcase.DBTest@28d25987]" name="test" duration-ms="41" started-at="2018-06-13T09:26:04Z" finished-at="2018-06-13T09:26:04Z">
          <reporter-output>
          </reporter-output>
        </test-method> <!-- test -->
        <test-method status="PASS" signature="teardown()[pri:0, instance:testcase.DBTest@28d25987]" name="teardown" is-config="true" duration-ms="1" started-at="2018-06-13T09:26:04Z" finished-at="2018-06-13T09:26:04Z">
          <reporter-output>
          </reporter-output>
        </test-method> <!-- teardown -->
      </class> <!-- testcase.DBTest -->
    </test> <!-- Default test -->
  </suite> <!-- Default suite -->
</testng-results>
