<?xml version="1.0" encoding="UTF-8"?>
<!-- Generated by org.testng.reporters.JUnitXMLReporter -->
<testsuite hostname="DT-GANGWARA" ignored="0" name="Test" tests="5" failures="0" timestamp="06 Jun 2018 07:54:56 GMT" time="6.45" errors="0">
  <testcase name="login" time="3.965" classname="testCases.HybridExecuteTest"/>
  <testcase name="login" time="0.608" classname="testCases.HybridExecuteTest"/>
  <testcase name="login" time="0.314" classname="testCases.HybridExecuteTest"/>
  <testcase name="login" time="0.329" classname="testCases.HybridExecuteTest"/>
  <testcase name="login" time="1.093" classname="testCases.HybridExecuteTest"/>
</testsuite> <!-- Test -->
