<?xml version="1.0" encoding="UTF-8"?>
<testng-results skipped="0" failed="0" ignored="0" total="2" passed="2">
  <reporter-output>
  </reporter-output>
  <suite name="Suite" duration-ms="49354" started-at="2017-12-03T09:32:06Z" finished-at="2017-12-03T09:32:55Z">
    <groups>
    </groups>
    <test name="Test" duration-ms="49354" started-at="2017-12-03T09:32:06Z" finished-at="2017-12-03T09:32:55Z">
      <class name="scripts.TestLogin">
        <test-method status="PASS" signature="openApplication()[pri:0, instance:scripts.TestLogin@2c9f9fb0]" name="openApplication" is-config="true" duration-ms="18320" started-at="2017-12-03T15:02:06Z" finished-at="2017-12-03T15:02:24Z">
          <reporter-output>
          </reporter-output>
        </test-method> <!-- openApplication -->
        <test-method status="PASS" signature="testLogin()[pri:0, instance:scripts.TestLogin@2c9f9fb0]" name="testLogin" duration-ms="14423" started-at="2017-12-03T15:02:24Z" finished-at="2017-12-03T15:02:39Z">
          <reporter-output>
          </reporter-output>
        </test-method> <!-- testLogin -->
        <test-method status="PASS" signature="closeApplication()[pri:0, instance:scripts.TestLogin@2c9f9fb0]" name="closeApplication" is-config="true" duration-ms="153" started-at="2017-12-03T15:02:39Z" finished-at="2017-12-03T15:02:39Z">
          <reporter-output>
          </reporter-output>
        </test-method> <!-- closeApplication -->
      </class> <!-- scripts.TestLogin -->
      <class name="scripts.TestInvalidLogin">
        <test-method status="PASS" signature="openApplication()[pri:0, instance:scripts.TestInvalidLogin@2096442d]" name="openApplication" is-config="true" duration-ms="9996" started-at="2017-12-03T15:02:39Z" finished-at="2017-12-03T15:02:49Z">
          <reporter-output>
          </reporter-output>
        </test-method> <!-- openApplication -->
        <test-method status="PASS" signature="testInvalidLogin()[pri:0, instance:scripts.TestInvalidLogin@2096442d]" name="testInvalidLogin" duration-ms="6288" started-at="2017-12-03T15:02:49Z" finished-at="2017-12-03T15:02:55Z">
          <reporter-output>
          </reporter-output>
        </test-method> <!-- testInvalidLogin -->
        <test-method status="PASS" signature="closeApplication()[pri:0, instance:scripts.TestInvalidLogin@2096442d]" name="closeApplication" is-config="true" duration-ms="138" started-at="2017-12-03T15:02:55Z" finished-at="2017-12-03T15:02:55Z">
          <reporter-output>
          </reporter-output>
        </test-method> <!-- closeApplication -->
      </class> <!-- scripts.TestInvalidLogin -->
    </test> <!-- Test -->
  </suite> <!-- Suite -->
</testng-results>
