<?xml version="1.0" encoding="UTF-8"?>
<testng-results skipped="0" failed="0" ignored="0" total="2" passed="2">
  <reporter-output>
  </reporter-output>
  <suite name="Suite" duration-ms="37169" started-at="2017-12-03T08:12:42Z" finished-at="2017-12-03T08:13:20Z">
    <groups>
    </groups>
    <test name="Test" duration-ms="37169" started-at="2017-12-03T08:12:42Z" finished-at="2017-12-03T08:13:20Z">
      <class name="scripts.TestLogin">
        <test-method status="PASS" signature="openApplication()[pri:0, instance:scripts.TestLogin@68be2bc2]" name="openApplication" is-config="true" duration-ms="8382" started-at="2017-12-03T13:42:42Z" finished-at="2017-12-03T13:42:51Z">
          <reporter-output>
          </reporter-output>
        </test-method> <!-- openApplication -->
        <test-method status="PASS" signature="testLogin()[pri:0, instance:scripts.TestLogin@68be2bc2]" name="testLogin" duration-ms="12995" started-at="2017-12-03T13:42:51Z" finished-at="2017-12-03T13:43:04Z">
          <reporter-output>
          </reporter-output>
        </test-method> <!-- testLogin -->
        <test-method status="PASS" signature="closeApplication()[pri:0, instance:scripts.TestLogin@68be2bc2]" name="closeApplication" is-config="true" duration-ms="99" started-at="2017-12-03T13:43:04Z" finished-at="2017-12-03T13:43:04Z">
          <reporter-output>
          </reporter-output>
        </test-method> <!-- closeApplication -->
      </class> <!-- scripts.TestLogin -->
      <class name="scripts.TestInvalidLogin">
        <test-method status="PASS" signature="openApplication()[pri:0, instance:scripts.TestInvalidLogin@28feb3fa]" name="openApplication" is-config="true" duration-ms="7958" started-at="2017-12-03T13:43:04Z" finished-at="2017-12-03T13:43:12Z">
          <reporter-output>
          </reporter-output>
        </test-method> <!-- openApplication -->
        <test-method status="PASS" signature="testInvalidLogin()[pri:0, instance:scripts.TestInvalidLogin@28feb3fa]" name="testInvalidLogin" duration-ms="7451" started-at="2017-12-03T13:43:12Z" finished-at="2017-12-03T13:43:19Z">
          <reporter-output>
          </reporter-output>
        </test-method> <!-- testInvalidLogin -->
        <test-method status="PASS" signature="closeApplication()[pri:0, instance:scripts.TestInvalidLogin@28feb3fa]" name="closeApplication" is-config="true" duration-ms="251" started-at="2017-12-03T13:43:19Z" finished-at="2017-12-03T13:43:20Z">
          <reporter-output>
          </reporter-output>
        </test-method> <!-- closeApplication -->
      </class> <!-- scripts.TestInvalidLogin -->
    </test> <!-- Test -->
  </suite> <!-- Suite -->
</testng-results>
