<?xml version="1.0" encoding="UTF-8"?>
<!-- Generated by org.testng.reporters.JUnitXMLReporter -->
<testsuite hostname="DT-GANGWARA" ignored="0" name="xmltest" tests="6" failures="0" timestamp="04 Jun 2018 06:39:59 GMT" time="5.802" errors="0">
  <testcase name="f" time="4.879" classname="testcase.LoginwithPropertyFile"/>
  <testcase name="f" time="0.281" classname="testcase.LoginwithPropertyFile"/>
  <testcase name="f" time="0.298" classname="testcase.LoginwithPropertyFile"/>
  <testcase name="f1" time="0.024" classname="testcase.LoginwithPropertyFile"/>
  <testcase name="f2" time="0.001" classname="testcase.LoginwithPropertyFile"/>
  <testcase name="f3" time="0.0" classname="testcase.LoginwithPropertyFile"/>
</testsuite> <!-- xmltest -->
